
------------------------------------------------------------
Sender: LSF System <lsfadmin@hpc.dtu.dk>
Subject: Job 24488211: <Python> in cluster <dcc> Exited

Job <Python> was submitted from host <n-62-30-8> by user <s214786> in cluster <dcc> at Fri Mar 21 10:52:45 2025
Job was executed on host(s) <10*n-62-11-57>, in queue <hpc>, as user <s214786> in cluster <dcc> at Fri Mar 21 10:52:46 2025
</zhome/e5/d/167772> was used as the home directory.
</zhome/e5/d/167772/Desktop/02613/02613_HPC_project> was used as the working directory.
Started at Fri Mar 21 10:52:46 2025
Terminated at Fri Mar 21 10:52:47 2025
Results reported at Fri Mar 21 10:52:47 2025

Your job looked like:

------------------------------------------------------------
# LSBATCH: User input
#!/bin/bash
#BSUB -J Python
#BSUB -q hpc
#BSUB -W 15
#BSUB -R "select[model == XeonGold6226R]"
#BSUB -R "rusage[mem=1GB]"
#BSUB -R "span[hosts=1]"
#BSUB -n 10
#BSUB -o python_%J.out
#BSUB -e python_%J.err

# Initialize Python environment
conda activate HPC

#Run Python script
time python orginal_script.py
------------------------------------------------------------

Exited with exit code 2.

Resource usage summary:

    CPU time :                                   0.64 sec.
    Max Memory :                                 1 MB
    Average Memory :                             1.00 MB
    Total Requested Memory :                     10240.00 MB
    Delta Memory :                               10239.00 MB
    Max Swap :                                   -
    Max Processes :                              1
    Max Threads :                                1
    Run time :                                   23 sec.
    Turnaround time :                            2 sec.

The output (if any) is above this job summary.



PS:

Read file <python_24488211.err> for stderr output of this job.

