building_id, mean_temp, std_temp, pct_above_18, pct_below_15
10000, 14.01233878811275, 6.367431059312565, 30.941014791508444, 55.542295034537624

------------------------------------------------------------
Sender: LSF System <lsfadmin@hpc.dtu.dk>
Subject: Job 24488338: <Python> in cluster <dcc> Done

Job <Python> was submitted from host <n-62-30-8> by user <s214786> in cluster <dcc> at Fri Mar 21 11:14:45 2025
Job was executed on host(s) <10*n-62-11-57>, in queue <hpc>, as user <s214786> in cluster <dcc> at Fri Mar 21 11:14:47 2025
</zhome/e5/d/167772> was used as the home directory.
</zhome/e5/d/167772/Desktop/02613/02613_HPC_project> was used as the working directory.
Started at Fri Mar 21 11:14:47 2025
Terminated at Fri Mar 21 11:14:53 2025
Results reported at Fri Mar 21 11:14:53 2025

Your job looked like:

------------------------------------------------------------
# LSBATCH: User input
#!/bin/bash
#BSUB -J Python
#BSUB -q hpc
#BSUB -W 15
#BSUB -R "select[model == XeonGold6226R]"
#BSUB -R "rusage[mem=1GB]"
#BSUB -R "span[hosts=1]"
#BSUB -n 10
#BSUB -o python_%J.out
#BSUB -e python_%J.err

# Initialize Python environment
conda activate HPC

#Run Python script
time python Python_scripts/original_script.py
------------------------------------------------------------

Successfully completed.

Resource usage summary:

    CPU time :                                   6.28 sec.
    Max Memory :                                 -
    Average Memory :                             -
    Total Requested Memory :                     10240.00 MB
    Delta Memory :                               -
    Max Swap :                                   -
    Max Processes :                              -
    Max Threads :                                -
    Run time :                                   52 sec.
    Turnaround time :                            8 sec.

The output (if any) is above this job summary.



PS:

Read file <python_24488338.err> for stderr output of this job.

