Converged in 3601 iterations
Algebraic Residual: 0.015283753377446158)
Converged in 5492 iterations
Algebraic Residual: 0.020945117981137306)
Converged in 7964 iterations
Algebraic Residual: 0.02633161978586816)
Converged in 7869 iterations
Algebraic Residual: 0.02757408992900385)
Converged in 3492 iterations
Algebraic Residual: 0.014070694698190228)
Converged in 4734 iterations
Algebraic Residual: 0.02555253030012839)
Converged in 1534 iterations
Algebraic Residual: 0.015676916378920915)
Converged in 4478 iterations
Algebraic Residual: 0.01844741617693036)
Converged in 1591 iterations
Algebraic Residual: 0.014588743049827546)
Converged in 6517 iterations
Algebraic Residual: 0.026342040681189897)
Converged in 8831 iterations
Algebraic Residual: 0.027497640317699544)
Converged in 8130 iterations
Algebraic Residual: 0.022565563653220953)
Converged in 8160 iterations
Algebraic Residual: 0.022043321946898353)
Converged in 8745 iterations
Algebraic Residual: 0.027508684665433165)
Converged in 4095 iterations
Algebraic Residual: 0.014182168969776964)
Converged in 4017 iterations
Algebraic Residual: 0.013482060166664893)
Converged in 4368 iterations
Algebraic Residual: 0.013984442850728637)
Converged in 8341 iterations
Algebraic Residual: 0.020208711034430987)
Converged in 7888 iterations
Algebraic Residual: 0.026277001097834287)
Converged in 8251 iterations
Algebraic Residual: 0.026547548833629576)
building_id, mean_temp, std_temp, pct_above_18, pct_below_15
10000, 14.01233878811275, 6.367431059312565, 30.941014791508444, 55.542295034537624
10009, 11.000135812436373, 5.811144379826625, 16.6712734948236, 74.9723590310584
10014, 14.744169941950119, 7.037733284673848, 38.26367541377415, 52.80837116508215
10019, 14.735524480624482, 7.030325006703675, 38.14915412864569, 52.92926826787113
10029, 10.616037322820358, 6.317331938274926, 18.25563221896085, 74.51301795448481
10031, 12.507072852890545, 6.278432089100354, 24.044722033998173, 66.39513301711693
10051, 13.289039951277402, 5.999085063388632, 25.97693550756574, 62.859923608050536
10053, 11.366493551285709, 6.26121798185875, 19.9510754583921, 72.41052538787024
10056, 14.220114507861702, 6.179461157398302, 31.763454814173965, 57.06174975667784
10064, 12.71696893739585, 6.964227784263683, 28.79137124461432, 62.75688345539249
10075, 15.156939199079357, 6.44052034037085, 39.12088154756647, 47.45605511880576
10079, 15.094353507626135, 7.313911268349323, 41.90001451870493, 49.44974108309539
10080, 15.777740694240359, 7.280585752157965, 46.365765006711015, 44.711034476002
10082, 16.465720758630678, 6.713345052234242, 48.64349722630506, 40.56137689061685
10083, 15.639247995421403, 7.120808056609733, 44.855518923515284, 45.886354482120744
10084, 15.100584697661853, 7.1505418077486445, 40.90648998644782, 50.266526125583496
10085, 15.868862158668058, 7.192791728448739, 46.18303917834116, 44.72566696293788
10086, 14.391525374209257, 7.21561607319371, 37.25664572257129, 53.01884968583857
10087, 15.073205905031166, 7.275519953981684, 41.532405798190645, 49.89713190601896
10089, 13.989763514400206, 7.276278123379982, 35.45861191757374, 56.3640146392669

------------------------------------------------------------
Sender: LSF System <lsfadmin@hpc.dtu.dk>
Subject: Job 24836719: <Python> in cluster <dcc> Done

Job <Python> was submitted from host <n-62-27-23> by user <s214604> in cluster <dcc> at Wed Apr 30 14:17:18 2025
Job was executed on host(s) <16*n-62-11-56>, in queue <hpc>, as user <s214604> in cluster <dcc> at Wed Apr 30 14:17:20 2025
</zhome/96/e/167682> was used as the home directory.
</zhome/96/e/167682/02613_HPC_project> was used as the working directory.
Started at Wed Apr 30 14:17:20 2025
Terminated at Wed Apr 30 14:18:34 2025
Results reported at Wed Apr 30 14:18:34 2025

Your job looked like:

------------------------------------------------------------
# LSBATCH: User input
#!/bin/bash
#BSUB -J Python
#BSUB -q hpc
#BSUB -W 15
#BSUB -R "select[model == XeonGold6226R]"
#BSUB -R "rusage[mem=1GB]"
#BSUB -R "span[hosts=1]"
#BSUB -n 16
#BSUB -o Experiments/JIT_parallel/python_cores16_parallized_%J.out
#BSUB -e Experiments/JIT_parallel/python_cores16_parallized_%J.err

# Initialize Python environment
source /dtu/projects/02613_2025/conda/conda_init.sh
conda activate 02613

#Run Python script
time python Python_scripts/numba_script.py 20
------------------------------------------------------------

Successfully completed.

Resource usage summary:

    CPU time :                                   400.04 sec.
    Max Memory :                                 184 MB
    Average Memory :                             184.00 MB
    Total Requested Memory :                     16384.00 MB
    Delta Memory :                               16200.00 MB
    Max Swap :                                   -
    Max Processes :                              4
    Max Threads :                                20
    Run time :                                   145 sec.
    Turnaround time :                            76 sec.

The output (if any) is above this job summary.



PS:

Read file <Experiments/JIT_parallel/python_cores16_parallized_24836719.err> for stderr output of this job.

