Converged in 3601 iterations
Algebraic Residual: 0.015283753377446158)
Converged in 5492 iterations
Algebraic Residual: 0.020945117981137306)
Converged in 7964 iterations
Algebraic Residual: 0.02633161978586816)
Converged in 7869 iterations
Algebraic Residual: 0.02757408992900385)
Converged in 3492 iterations
Algebraic Residual: 0.014070694698190228)
Converged in 4734 iterations
Algebraic Residual: 0.02555253030012839)
Converged in 1534 iterations
Algebraic Residual: 0.015676916378920915)
Converged in 4478 iterations
Algebraic Residual: 0.01844741617693036)
Converged in 1591 iterations
Algebraic Residual: 0.014588743049827546)
Converged in 6517 iterations
Algebraic Residual: 0.026342040681189897)
building_id, mean_temp, std_temp, pct_above_18, pct_below_15
10000, 14.01233878811275, 6.367431059312565, 30.941014791508444, 55.542295034537624
10009, 11.000135812436373, 5.811144379826625, 16.6712734948236, 74.9723590310584
10014, 14.744169941950119, 7.037733284673848, 38.26367541377415, 52.80837116508215
10019, 14.735524480624482, 7.030325006703675, 38.14915412864569, 52.92926826787113
10029, 10.616037322820358, 6.317331938274926, 18.25563221896085, 74.51301795448481
10031, 12.507072852890545, 6.278432089100354, 24.044722033998173, 66.39513301711693
10051, 13.289039951277402, 5.999085063388632, 25.97693550756574, 62.859923608050536
10053, 11.366493551285709, 6.26121798185875, 19.9510754583921, 72.41052538787024
10056, 14.220114507861702, 6.179461157398302, 31.763454814173965, 57.06174975667784
10064, 12.71696893739585, 6.964227784263683, 28.79137124461432, 62.75688345539249

------------------------------------------------------------
Sender: LSF System <lsfadmin@hpc.dtu.dk>
Subject: Job 24837249: <Python> in cluster <dcc> Done

Job <Python> was submitted from host <n-62-27-23> by user <s214604> in cluster <dcc> at Wed Apr 30 14:27:20 2025
Job was executed on host(s) <20*n-62-11-55>, in queue <hpc>, as user <s214604> in cluster <dcc> at Wed Apr 30 14:27:21 2025
</zhome/96/e/167682> was used as the home directory.
</zhome/96/e/167682/02613_HPC_project> was used as the working directory.
Started at Wed Apr 30 14:27:21 2025
Terminated at Wed Apr 30 14:27:55 2025
Results reported at Wed Apr 30 14:27:55 2025

Your job looked like:

------------------------------------------------------------
# LSBATCH: User input
#!/bin/bash
#BSUB -J Python
#BSUB -q hpc
#BSUB -W 15
#BSUB -R "select[model == XeonGold6226R]"
#BSUB -R "rusage[mem=1GB]"
#BSUB -R "span[hosts=1]"
#BSUB -n 20
#BSUB -o Experiments/JIT_parallel/python_cores20_parallized_%J.out
#BSUB -e Experiments/JIT_parallel/python_cores20_parallized_%J.err

# Initialize Python environment
source /dtu/projects/02613_2025/conda/conda_init.sh
conda activate 02613

#Run Python script
time python Python_scripts/numba_script.py 10
------------------------------------------------------------

Successfully completed.

Resource usage summary:

    CPU time :                                   194.40 sec.
    Max Memory :                                 161 MB
    Average Memory :                             161.00 MB
    Total Requested Memory :                     20480.00 MB
    Delta Memory :                               20319.00 MB
    Max Swap :                                   -
    Max Processes :                              4
    Max Threads :                                24
    Run time :                                   129 sec.
    Turnaround time :                            35 sec.

The output (if any) is above this job summary.



PS:

Read file <Experiments/JIT_parallel/python_cores20_parallized_24837249.err> for stderr output of this job.

