Converged in 14500 iterations (residual=9.12e-11)
Converged in 11694 iterations
Algebraic Residual: 1.1329646995965368e-08)
Converged in 11694 iterations
Algebraic Residual: 1.1329646995965368e-08)
Algebraic Residual: 1.1329646995965368e-08)
Converged in 11694 iterations
CUDA:
34.45044791077172
18.657525288167424
12.473648850450271
9.143048801724218
7.0029714827697305
5.487296688163921
4.356845780787088
3.488917180060716
2.810609911019322
2.2741914438757758
1.8464128671290378
1.5031528476774734
1.226410625082784
1.0024735827834752
0.8207328428297346
0.6728831381106772
0.5523630663852657
0.45395213770486337
0.37347372437112897
0.307571739689667
0.2535400296633694
0.20919033514854507
0.17274904083989448
0.14277576859681188
0.11809877459995607
0.09776341648159177
0.08099087661064586
0.06714499042973811
0.05570551592819277
0.04624654488877627
0.03841903346200264
0.03193664260925164
0.026564244449709326
0.022108580199821034
0.018410657641959947
0.015339557122396315
0.012787379619794155
0.010665121988230717
0.008899305788499786
0.007429219293392983
0.006204658940531189
0.005184078014987623
0.004333067701768032
0.0036231096754632077
0.0030305507430239765
0.00253575924726062
0.00212243039116831
0.001777013691330277
0.0014882406819398428
0.0012467349864804214
0.0010446901260484644
0.0008756030818892227
0.0007340537910480563
0.0006155225161883651
0.0005162384720070777
0.00043305426838811646
0.0003633416946148367
0.00030490515903610455
0.000255909746852176
0.0002148213895218125
0.0001803570775317875
0.00015144340623552845
0.00012718204165788934
0.000106820935207625
8.973031894470573e-05
7.538267726806265e-05
6.333602895282673e-05
5.321996631116729e-05
4.4723991742642956e-05
3.7587769954150815e-05
3.15929780227538e-05
2.6556489127589863e-05
2.2324669415607065e-05
1.876860526056599e-05
1.5780107235923606e-05
1.326836412275196e-05
1.1157139835266272e-05
9.382424921537968e-06
7.890468482652715e-06
6.636128186508485e-06
5.58148696701174e-06
4.6946928149999975e-06
3.9489857937380954e-06
3.321881657826276e-06
2.7944867528913e-06
2.3509231553005426e-06
1.977846183437481e-06
1.6640391816965849e-06
1.4000735306048134e-06
1.1780229528788405e-06
9.912236088122093e-07
8.340727112608986e-07
7.018592409496012e-07
5.906217885691392e-07
4.970289734353482e-07
4.182792400084208e-07
3.5201632345585254e-07
2.962584856992068e-07
2.493387935723519e-07
2.0985513945151996e-07
1.7662808251637865e-07
1.4866539596454508e-07
1.2513238557258515e-07
1.0532682464801281e-07
8.865787061227453e-08
7.462844828557689e-08
6.28203287237885e-08
5.2881558084735933e-08
4.4516019323530364e-08
3.7474548688849615e-08
3.154743556790065e-08
2.6558225368784415e-08
2.2358433170066196e-08
1.882308359001509e-08
1.5846991160851014e-08
1.3341664434690953e-08
1.1232577103583374e-08
9.45705397868653e-09
7.962292622542676e-09
6.703896166613666e-09
5.6444475675219414e-09
4.75250249499176e-09
4.00155908926639e-09
3.3693158057689102e-09
2.836996253948133e-09
2.388819946092726e-09
2.0114528117669897e-09
1.693732641977706e-09
1.4262099582865256e-09
1.2009623932401298e-09
1.0113056911452327e-09
8.515902039164321e-10
7.171140856582981e-10
6.038809092376534e-10
5.085449956941656e-10
4.2824247938188003e-10
3.6062154475004515e-10
3.036866246223714e-10
2.5573724758145044e-10
2.1536606896402413e-10
1.8137802649876606e-10
1.5275146347331224e-10
1.2865435177616293e-10
1.0834111313151168e-10
9.123828804431701e-11

CP:
34.45044791077174
18.657525288167413
12.47364885045024
9.143048801724232
7.002971482769726
5.487296688163927
4.356845780787102
3.488917180060729
2.8106099110193288
2.2741914438757895
1.8464128671290583
1.5031528476774871
1.2264106250827898
1.0024735827834719
0.8207328428297284
0.6728831381106786
0.5523630663852627
0.45395213770487286
0.37347372437111964
0.30757173968965956
0.2535400296633704
0.20919033514853877
0.1727490408398869
0.14277576859681443
0.11809877459995648
0.09776341648158764
0.08099087661066251
0.06714499042976148
0.05570551592821793
0.0462465448887987
0.03841903346200992
0.03193664260925729
0.02656424444971287
0.022108580199822724
0.018410657641961856
0.015339557122404873
0.012787379619808302
0.010665121988232272
0.008899305788512845
0.007429219293401025
0.0062046589405255915
0.00518407801498323
0.004333067701760658
0.0036231096754620927
0.0030305507430309804
0.002535759247242437
0.0021224303911457367
0.0017770136913181898
0.0014882406819323472
0.0012467349864913172
0.0010446901260686909
0.00087560308190783
0.0007340537910615933
0.0006155225161926355
0.0005162384720132001
0.0004330542683867634
0.0003633416946093846
0.0003049051590595811
0.00025590974685331305
0.00021482138955089392
0.0001803570775493513
0.0001514434062621544
0.00012718204166765426
0.0001068209352221003
8.973031896425283e-05
7.53826772871632e-05
6.333602897164478e-05
5.321996634290477e-05
4.472399176059863e-05
3.758776995460678e-05
3.1592978020399766e-05
2.6556489110453522e-05
2.232466940113938e-05
1.8768605250025737e-05
1.5780107220467698e-05
1.3268364100118423e-05
1.1157139790577971e-05
9.38242488914145e-06
7.890468465861984e-06
6.636128166487193e-06
5.581486913517412e-06
4.694692763426722e-06
3.948985759542864e-06
3.32188163265969e-06
2.7944867350112176e-06
2.3509231512787992e-06
1.977846154412293e-06
1.6640391641723107e-06
1.4000735309794234e-06
1.1780229437630472e-06
9.912236036990293e-07
8.340727168527207e-07
7.018592342624947e-07
5.906217701876522e-07
4.970289563359963e-07
4.1827922280926935e-07
3.5201631970372486e-07
2.962584916015798e-07
2.4933881673921415e-07
2.0985517121879404e-07
1.766281087318567e-07
1.4866542221061912e-07
1.2513242089034764e-07
1.053268393730422e-07
8.865787669347546e-08
7.46284540689875e-08
6.282032263731453e-08
5.288155990857563e-08
4.451601152782762e-08
3.747452990762481e-08
3.154742139844851e-08
2.6558204253675645e-08
2.2358413621888827e-08
1.8823065766280902e-08
1.5846996124854782e-08
1.3341671482575135e-08
1.123259326569911e-08
9.457059512655007e-09
7.962290900849814e-09
6.7038805626647076e-09
5.64442732348552e-09
4.7524791635060585e-09
4.001531978467468e-09
3.3692736503965365e-09
2.8369771437051917e-09
2.388785522155758e-09
2.0114384393604805e-09
1.6937275707194675e-09
1.4261979501877992e-09
1.2009395451210959e-09
1.011286956692667e-09
8.515765868765297e-10
7.17104807494144e-10
6.03891040608205e-10
5.085340257710504e-10
4.2825190279291457e-10
3.6063930394195717e-10
3.037168211283035e-10
2.557574901625666e-10
2.153920219014328e-10
1.8138100399127473e-10
1.527661526081499e-10
1.28673720839933e-10
1.0836769071958298e-10
9.127371675084524e-11

Numba:

Numba Parallel:

Ref:
building_id, mean_temp, std_temp, pct_above_18, pct_below_15
10000, 0.0, 0.0, 0.0, 100.0

------------------------------------------------------------
Sender: LSF System <lsfadmin@hpc.dtu.dk>
Subject: Job 24839422: <time_jacobi_cp> in cluster <dcc> Done

Job <time_jacobi_cp> was submitted from host <n-62-30-3> by user <s214786> in cluster <dcc> at Wed Apr 30 16:31:20 2025
Job was executed on host(s) <4*n-62-12-22>, in queue <c02613>, as user <s214786> in cluster <dcc> at Wed Apr 30 16:31:20 2025
</zhome/e5/d/167772> was used as the home directory.
</zhome/e5/d/167772/Desktop/02613/02613_HPC_project> was used as the working directory.
Started at Wed Apr 30 16:31:20 2025
Terminated at Wed Apr 30 16:32:03 2025
Results reported at Wed Apr 30 16:32:03 2025

Your job looked like:

------------------------------------------------------------
# LSBATCH: User input
#!/bin/bash
#BSUB -J time_jacobi_cp
#BSUB -q c02613
#BSUB -R "select[model == XeonGold6226R]"
#BSUB -gpu "num=1:mode=exclusive_process"
#BSUB -R "rusage[mem=2GB]"
#BSUB -B 
#BSUB -R "span[hosts=1]"
#BSUB -n 4
#BSUB -o Logs/outputs/Sanity.out
#BSUB -e Logs/errors/Sanity.err

# Initialize Python environment
source /dtu/projects/02613_2025/conda/conda_init.sh
conda activate 02613

#Run Python script
python Python_scripts/SANITY.py

------------------------------------------------------------

Successfully completed.

Resource usage summary:

    CPU time :                                   47.00 sec.
    Max Memory :                                 167 MB
    Average Memory :                             167.00 MB
    Total Requested Memory :                     8192.00 MB
    Delta Memory :                               8025.00 MB
    Max Swap :                                   -
    Max Processes :                              4
    Max Threads :                                10
    Run time :                                   138 sec.
    Turnaround time :                            43 sec.

The output (if any) is above this job summary.



PS:

Read file <Logs/errors/Sanity.err> for stderr output of this job.

Converged in 14500 iterations (residual=9.12e-11)
Algebraic Residual: 870.9441715747341)
Algebraic Residual: 870.9441715747341)
CUDA:
34.45044791077172
18.657525288167424
12.473648850450271
9.143048801724218
7.0029714827697305
5.487296688163921
4.356845780787088
3.488917180060716
2.810609911019322
2.2741914438757758
1.8464128671290378
1.5031528476774734
1.226410625082784
1.0024735827834752
0.8207328428297346
0.6728831381106772
0.5523630663852657
0.45395213770486337
0.37347372437112897
0.307571739689667
0.2535400296633694
0.20919033514854507
0.17274904083989448
0.14277576859681188
0.11809877459995607
0.09776341648159177
0.08099087661064586
0.06714499042973811
0.05570551592819277
0.04624654488877627
0.03841903346200264
0.03193664260925164
0.026564244449709326
0.022108580199821034
0.018410657641959947
0.015339557122396315
0.012787379619794155
0.010665121988230717
0.008899305788499786
0.007429219293392983
0.006204658940531189
0.005184078014987623
0.004333067701768032
0.0036231096754632077
0.0030305507430239765
0.00253575924726062
0.00212243039116831
0.001777013691330277
0.0014882406819398428
0.0012467349864804214
0.0010446901260484644
0.0008756030818892227
0.0007340537910480563
0.0006155225161883651
0.0005162384720070777
0.00043305426838811646
0.0003633416946148367
0.00030490515903610455
0.000255909746852176
0.0002148213895218125
0.0001803570775317875
0.00015144340623552845
0.00012718204165788934
0.000106820935207625
8.973031894470573e-05
7.538267726806265e-05
6.333602895282673e-05
5.321996631116729e-05
4.4723991742642956e-05
3.7587769954150815e-05
3.15929780227538e-05
2.6556489127589863e-05
2.2324669415607065e-05
1.876860526056599e-05
1.5780107235923606e-05
1.326836412275196e-05
1.1157139835266272e-05
9.382424921537968e-06
7.890468482652715e-06
6.636128186508485e-06
5.58148696701174e-06
4.6946928149999975e-06
3.9489857937380954e-06
3.321881657826276e-06
2.7944867528913e-06
2.3509231553005426e-06
1.977846183437481e-06
1.6640391816965849e-06
1.4000735306048134e-06
1.1780229528788405e-06
9.912236088122093e-07
8.340727112608986e-07
7.018592409496012e-07
5.906217885691392e-07
4.970289734353482e-07
4.182792400084208e-07
3.5201632345585254e-07
2.962584856992068e-07
2.493387935723519e-07
2.0985513945151996e-07
1.7662808251637865e-07
1.4866539596454508e-07
1.2513238557258515e-07
1.0532682464801281e-07
8.865787061227453e-08
7.462844828557689e-08
6.28203287237885e-08
5.2881558084735933e-08
4.4516019323530364e-08
3.7474548688849615e-08
3.154743556790065e-08
2.6558225368784415e-08
2.2358433170066196e-08
1.882308359001509e-08
1.5846991160851014e-08
1.3341664434690953e-08
1.1232577103583374e-08
9.45705397868653e-09
7.962292622542676e-09
6.703896166613666e-09
5.6444475675219414e-09
4.75250249499176e-09
4.00155908926639e-09
3.3693158057689102e-09
2.836996253948133e-09
2.388819946092726e-09
2.0114528117669897e-09
1.693732641977706e-09
1.4262099582865256e-09
1.2009623932401298e-09
1.0113056911452327e-09
8.515902039164321e-10
7.171140856582981e-10
6.038809092376534e-10
5.085449956941656e-10
4.2824247938188003e-10
3.6062154475004515e-10
3.036866246223714e-10
2.5573724758145044e-10
2.1536606896402413e-10
1.8137802649876606e-10
1.5275146347331224e-10
1.2865435177616293e-10
1.0834111313151168e-10
9.123828804431701e-11

CP:
34.45044791077174
18.657525288167413
12.47364885045024
9.143048801724232
7.002971482769726
5.487296688163927
4.356845780787102
3.488917180060729
2.8106099110193288
2.2741914438757895
1.8464128671290583
1.5031528476774871
1.2264106250827898
1.0024735827834719
0.8207328428297284
0.6728831381106786
0.5523630663852627
0.45395213770487286
0.37347372437111964
0.30757173968965956
0.2535400296633704
0.20919033514853877
0.1727490408398869
0.14277576859681443
0.11809877459995648
0.09776341648158764
0.08099087661066251
0.06714499042976148
0.05570551592821793
0.0462465448887987
0.03841903346200992
0.03193664260925729
0.02656424444971287
0.022108580199822724
0.018410657641961856
0.015339557122404873
0.012787379619808302
0.010665121988232272
0.008899305788512845
0.007429219293401025
0.0062046589405255915
0.00518407801498323
0.004333067701760658
0.0036231096754620927
0.0030305507430309804
0.002535759247242437
0.0021224303911457367
0.0017770136913181898
0.0014882406819323472
0.0012467349864913172
0.0010446901260686909
0.00087560308190783
0.0007340537910615933
0.0006155225161926355
0.0005162384720132001
0.0004330542683867634
0.0003633416946093846
0.0003049051590595811
0.00025590974685331305
0.00021482138955089392
0.0001803570775493513
0.0001514434062621544
0.00012718204166765426
0.0001068209352221003
8.973031896425283e-05
7.53826772871632e-05
6.333602897164478e-05
5.321996634290477e-05
4.472399176059863e-05
3.758776995460678e-05
3.1592978020399766e-05
2.6556489110453522e-05
2.232466940113938e-05
1.8768605250025737e-05
1.5780107220467698e-05
1.3268364100118423e-05
1.1157139790577971e-05
9.38242488914145e-06
7.890468465861984e-06
6.636128166487193e-06
5.581486913517412e-06
4.694692763426722e-06
3.948985759542864e-06
3.32188163265969e-06
2.7944867350112176e-06
2.3509231512787992e-06
1.977846154412293e-06
1.6640391641723107e-06
1.4000735309794234e-06
1.1780229437630472e-06
9.912236036990293e-07
8.340727168527207e-07
7.018592342624947e-07
5.906217701876522e-07
4.970289563359963e-07
4.1827922280926935e-07
3.5201631970372486e-07
2.962584916015798e-07
2.4933881673921415e-07
2.0985517121879404e-07
1.766281087318567e-07
1.4866542221061912e-07
1.2513242089034764e-07
1.053268393730422e-07
8.865787669347546e-08
7.46284540689875e-08
6.282032263731453e-08
5.288155990857563e-08
4.451601152782762e-08
3.747452990762481e-08
3.154742139844851e-08
2.6558204253675645e-08
2.2358413621888827e-08
1.8823065766280902e-08
1.5846996124854782e-08
1.3341671482575135e-08
1.123259326569911e-08
9.457059512655007e-09
7.962290900849814e-09
6.7038805626647076e-09
5.64442732348552e-09
4.7524791635060585e-09
4.001531978467468e-09
3.3692736503965365e-09
2.8369771437051917e-09
2.388785522155758e-09
2.0114384393604805e-09
1.6937275707194675e-09
1.4261979501877992e-09
1.2009395451210959e-09
1.011286956692667e-09
8.515765868765297e-10
7.17104807494144e-10
6.03891040608205e-10
5.085340257710504e-10
4.2825190279291457e-10
3.6063930394195717e-10
3.037168211283035e-10
2.557574901625666e-10
2.153920219014328e-10
1.8138100399127473e-10
1.527661526081499e-10
1.28673720839933e-10
1.0836769071958298e-10
9.127371675084524e-11

Numba:

Numba Parallel:

Ref:
building_id, mean_temp, std_temp, pct_above_18, pct_below_15
10000, 0.0, 0.0, 0.0, 100.0

------------------------------------------------------------
Sender: LSF System <lsfadmin@hpc.dtu.dk>
Subject: Job 24839439: <time_jacobi_cp> in cluster <dcc> Done

Job <time_jacobi_cp> was submitted from host <n-62-30-3> by user <s214786> in cluster <dcc> at Wed Apr 30 16:35:04 2025
Job was executed on host(s) <4*n-62-12-22>, in queue <c02613>, as user <s214786> in cluster <dcc> at Wed Apr 30 16:35:05 2025
</zhome/e5/d/167772> was used as the home directory.
</zhome/e5/d/167772/Desktop/02613/02613_HPC_project> was used as the working directory.
Started at Wed Apr 30 16:35:05 2025
Terminated at Wed Apr 30 16:35:16 2025
Results reported at Wed Apr 30 16:35:16 2025

Your job looked like:

------------------------------------------------------------
# LSBATCH: User input
#!/bin/bash
#BSUB -J time_jacobi_cp
#BSUB -q c02613
#BSUB -R "select[model == XeonGold6226R]"
#BSUB -gpu "num=1:mode=exclusive_process"
#BSUB -R "rusage[mem=2GB]"
#BSUB -B 
#BSUB -R "span[hosts=1]"
#BSUB -n 4
#BSUB -o Logs/outputs/Sanity.out
#BSUB -e Logs/errors/Sanity.err

# Initialize Python environment
source /dtu/projects/02613_2025/conda/conda_init.sh
conda activate 02613

#Run Python script
python Python_scripts/SANITY.py

------------------------------------------------------------

Successfully completed.

Resource usage summary:

    CPU time :                                   9.61 sec.
    Max Memory :                                 3 MB
    Average Memory :                             2.67 MB
    Total Requested Memory :                     8192.00 MB
    Delta Memory :                               8189.00 MB
    Max Swap :                                   -
    Max Processes :                              1
    Max Threads :                                1
    Run time :                                   61 sec.
    Turnaround time :                            12 sec.

The output (if any) is above this job summary.



PS:

Read file <Logs/errors/Sanity.err> for stderr output of this job.

