building_id, mean_temp, std_temp, pct_above_18, pct_below_15
10000, 14.014658412647758, 6.367536721563129, 30.95367256157101, 55.50612997721601
10009, 11.006799511993549, 5.809967710880731, 16.686350386973565, 74.94597446979596
10014, 14.755706934006504, 7.030979725444269, 38.28912277844506, 52.76460169784817
10019, 14.747894753258768, 7.023112769465386, 38.18475905636769, 52.89162877285073
10029, 10.619469291253132, 6.3147527659864995, 18.25563221896085, 74.51301795448481
10031, 12.516258793612712, 6.276642465527071, 24.072710131691366, 66.34946822614383
10051, 13.290411557695665, 5.999008893874241, 25.97693550756574, 62.85074188335537
10053, 11.370251703720488, 6.2601770104867995, 19.953279266572636, 72.40391396332863
10056, 14.221356804382863, 6.179411510548758, 31.770664359612127, 57.05454021123968
10064, 12.72610172385812, 6.964209787867544, 28.837082640368028, 62.706309145196904

------------------------------------------------------------
Sender: LSF System <lsfadmin@hpc.dtu.dk>
Subject: Job 24838068: <time_jacobi_cp> in cluster <dcc> Done

Job <time_jacobi_cp> was submitted from host <n-62-20-1> by user <s214786> in cluster <dcc> at Wed Apr 30 14:47:54 2025
Job was executed on host(s) <4*n-62-12-22>, in queue <c02613>, as user <s214786> in cluster <dcc> at Wed Apr 30 14:47:56 2025
</zhome/e5/d/167772> was used as the home directory.
</zhome/e5/d/167772/Desktop/02613/02613_HPC_project> was used as the working directory.
Started at Wed Apr 30 14:47:56 2025
Terminated at Wed Apr 30 14:48:28 2025
Results reported at Wed Apr 30 14:48:28 2025

Your job looked like:

------------------------------------------------------------
# LSBATCH: User input
#!/bin/bash
#BSUB -J time_jacobi_cp
#BSUB -q c02613
#BSUB -R "select[model == XeonGold6226R]"
#BSUB -gpu "num=1:mode=exclusive_process"
#BSUB -R "rusage[mem=2GB]"
#BSUB -B 
#BSUB -R "span[hosts=1]"
#BSUB -n 4
#BSUB -o Logs/outputs/time_jacobi_cp%J.out
#BSUB -e Logs/errors/time_jacobi__cp%J.err

# Initialize Python environment
source /dtu/projects/02613_2025/conda/conda_init.sh
conda activate 02613

#Run Python script
time python Python_scripts/cupy_script.py 10

------------------------------------------------------------

Successfully completed.

Resource usage summary:

    CPU time :                                   26.85 sec.
    Max Memory :                                 118 MB
    Average Memory :                             118.00 MB
    Total Requested Memory :                     8192.00 MB
    Delta Memory :                               8074.00 MB
    Max Swap :                                   -
    Max Processes :                              4
    Max Threads :                                7
    Run time :                                   32 sec.
    Turnaround time :                            34 sec.

The output (if any) is above this job summary.



PS:

Read file <Logs/errors/time_jacobi__cp24838068.err> for stderr output of this job.

