Running Original Implementation
Running Numba Implementation
Running Parallel Numba Implementation
Running CuPy Implementation
Running CUDA Implementation
Running Dynamic Parallelized Cuda Implementation
building_id, mean_temp, std_temp, pct_above_18, pct_below_15
10000, 14.014658412647753, 6.367536721563129, 30.95367256157101, 55.50612997721601
10009, 11.006799511993549, 5.809967710880731, 16.686350386973565, 74.94597446979596
10014, 14.75570693400651, 7.030979725444269, 38.28912277844506, 52.76460169784817
10019, 14.747894753258766, 7.023112769465386, 38.18475905636769, 52.89162877285073
10029, 10.619469291253132, 6.314752765986499, 18.25563221896085, 74.51301795448481
10031, 12.516258793612714, 6.27664246552707, 24.072710131691366, 66.34946822614383
10051, 13.290411557695666, 5.999008893874241, 25.97693550756574, 62.85074188335537
10053, 11.370251703720488, 6.2601770104867995, 19.953279266572636, 72.40391396332863
10056, 14.221356804382864, 6.179411510548757, 31.770664359612127, 57.05454021123968
10064, 12.72610172385812, 6.964209787867544, 28.837082640368028, 62.706309145196904

------------------------------------------------------------
Sender: LSF System <lsfadmin@hpc.dtu.dk>
Subject: Job 24907706: <time_all_solvers_10> in cluster <dcc> Done

Job <time_all_solvers_10> was submitted from host <n-62-30-5> by user <s214960> in cluster <dcc> at Sun May  4 22:22:26 2025
Job was executed on host(s) <4*n-62-12-22>, in queue <c02613>, as user <s214960> in cluster <dcc> at Sun May  4 22:22:27 2025
</zhome/86/f/169037> was used as the home directory.
</zhome/86/f/169037/hpc_python/02613_HPC_project> was used as the working directory.
Started at Sun May  4 22:22:27 2025
Terminated at Sun May  4 22:25:14 2025
Results reported at Sun May  4 22:25:14 2025

Your job looked like:

------------------------------------------------------------
# LSBATCH: User input

#!/bin/bash
#BSUB -J time_all_solvers_10
#BSUB -q c02613
#BSUB -R "select[model == XeonGold6226R]"
#BSUB -gpu "num=1:mode=exclusive_process"
#BSUB -R "rusage[mem=15GB]"
#BSUB -B
#BSUB -R "span[hosts=1]"
#BSUB -n 4
#BSUB -W 00:20
#BSUB -oo Logs/outputs/time_all_solvers_10.out
#BSUB -eo Logs/errors/time_all_solvers_10.err


# Initialize Python environment
source /dtu/projects/02613_2025/conda/conda_init.sh
conda activate 02613

#Run Python script

echo "Running Original Implementation"
time python Python_scripts/original_script.py 10


echo "Running Numba Implementation"
time python Python_scripts/numba_script.py 10

echo "Running Parallel Numba Implementation"
time python Python_scripts/numba_script_parallel.py 10

echo "Running CuPy Implementation"
time python Python_scripts/cupy_script.py 10

echo "Running CUDA Implementation" 
time python Python_scripts/CUDA_script.py 10

echo "Running Dynamic Parallelized Cuda Implementation"
time python Python_scripts/dynamic_parallized_script_cuda.py 10
------------------------------------------------------------

Successfully completed.

Resource usage summary:

    CPU time :                                   194.72 sec.
    Max Memory :                                 160 MB
    Average Memory :                             145.25 MB
    Total Requested Memory :                     61440.00 MB
    Delta Memory :                               61280.00 MB
    Max Swap :                                   -
    Max Processes :                              8
    Max Threads :                                19
    Run time :                                   199 sec.
    Turnaround time :                            168 sec.

The output (if any) is above this job summary.



PS:

Read file <Logs/errors/time_all_solvers_10.err> for stderr output of this job.

