Converged in 4000 iterations (residual=7.43e-03)
Converged in 6500 iterations (residual=7.56e-03)
Converged in 10000 iterations (residual=7.55e-03)
Converged in 10000 iterations (residual=7.40e-03)
Converged in 4000 iterations (residual=6.69e-03)
Converged in 6000 iterations (residual=5.59e-03)
Converged in 2000 iterations (residual=1.65e-03)
Converged in 5000 iterations (residual=9.83e-03)
Converged in 2000 iterations (residual=2.12e-03)
Converged in 8000 iterations (residual=7.50e-03)
building_id, mean_temp, std_temp, pct_above_18, pct_below_15
10000, 14.014658412647753, 6.367536721563129, 30.95367256157101, 55.50612997721601
10009, 11.006799511993549, 5.809967710880731, 16.686350386973565, 74.94597446979596
10014, 14.75570693400651, 7.030979725444269, 38.28912277844506, 52.76460169784817
10019, 14.747894753258766, 7.023112769465386, 38.18475905636769, 52.89162877285073
10029, 10.619469291253132, 6.314752765986499, 18.25563221896085, 74.51301795448481
10031, 12.516258793612714, 6.27664246552707, 24.072710131691366, 66.34946822614383
10051, 13.290411557695666, 5.999008893874241, 25.97693550756574, 62.85074188335537
10053, 11.370251703720488, 6.2601770104867995, 19.953279266572636, 72.40391396332863
10056, 14.221356804382864, 6.179411510548757, 31.770664359612127, 57.05454021123968
10064, 12.72610172385812, 6.964209787867544, 28.837082640368028, 62.706309145196904

------------------------------------------------------------
Sender: LSF System <lsfadmin@hpc.dtu.dk>
Subject: Job 24838248: <time_jacobi_cp> in cluster <dcc> Done

Job <time_jacobi_cp> was submitted from host <n-62-27-19> by user <s214786> in cluster <dcc> at Wed Apr 30 15:22:14 2025
Job was executed on host(s) <4*n-62-12-22>, in queue <c02613>, as user <s214786> in cluster <dcc> at Wed Apr 30 15:22:15 2025
</zhome/e5/d/167772> was used as the home directory.
</zhome/e5/d/167772/Desktop/02613/02613_HPC_project> was used as the working directory.
Started at Wed Apr 30 15:22:15 2025
Terminated at Wed Apr 30 15:22:23 2025
Results reported at Wed Apr 30 15:22:23 2025

Your job looked like:

------------------------------------------------------------
# LSBATCH: User input
#!/bin/bash
#BSUB -J time_jacobi_cp
#BSUB -q c02613
#BSUB -R "select[model == XeonGold6226R]"
#BSUB -gpu "num=1:mode=exclusive_process"
#BSUB -R "rusage[mem=2GB]"
#BSUB -B 
#BSUB -R "span[hosts=1]"
#BSUB -n 4
#BSUB -o Logs/outputs/time_Cuda.out
#BSUB -e Logs/errors/time_Cuda.err

# Initialize Python environment
source /dtu/projects/02613_2025/conda/conda_init.sh
conda activate 02613

#Run Python script
time python Python_scripts/CUDA_script.py 10

------------------------------------------------------------

Successfully completed.

Resource usage summary:

    CPU time :                                   5.92 sec.
    Max Memory :                                 -
    Average Memory :                             -
    Total Requested Memory :                     8192.00 MB
    Delta Memory :                               -
    Max Swap :                                   -
    Max Processes :                              -
    Max Threads :                                -
    Run time :                                   59 sec.
    Turnaround time :                            9 sec.

The output (if any) is above this job summary.



PS:

Read file <Logs/errors/time_Cuda.err> for stderr output of this job.

Running Original Implementation
Running CUDA Implementation
Converged in 4000 iterations (residual=7.43e-03)
Converged in 6500 iterations (residual=7.56e-03)
Converged in 10000 iterations (residual=7.55e-03)
Converged in 10000 iterations (residual=7.40e-03)
Converged in 4000 iterations (residual=6.69e-03)
Converged in 6000 iterations (residual=5.59e-03)
Converged in 2000 iterations (residual=1.65e-03)
Converged in 5000 iterations (residual=9.83e-03)
Converged in 2000 iterations (residual=2.12e-03)
Converged in 8000 iterations (residual=7.50e-03)
Running Numba Implementation

------------------------------------------------------------
Sender: LSF System <lsfadmin@hpc.dtu.dk>
Subject: Job 24907208: <time_jacobi_cp> in cluster <dcc> Exited

Job <time_jacobi_cp> was submitted from host <n-62-30-8> by user <s214960> in cluster <dcc> at Sun May  4 21:26:55 2025
Job was executed on host(s) <4*n-62-12-22>, in queue <c02613>, as user <s214960> in cluster <dcc> at Sun May  4 21:26:57 2025
</zhome/86/f/169037> was used as the home directory.
</zhome/86/f/169037/hpc_python/02613_HPC_project> was used as the working directory.
Started at Sun May  4 21:26:57 2025
Terminated at Sun May  4 21:27:15 2025
Results reported at Sun May  4 21:27:15 2025

Your job looked like:

------------------------------------------------------------
# LSBATCH: User input
#!/bin/bash
#BSUB -J time_jacobi_cp
#BSUB -q c02613
#BSUB -R "select[model == XeonGold6226R]"
#BSUB -gpu "num=1:mode=exclusive_process"
#BSUB -R "rusage[mem=2GB]"
#BSUB -B 
#BSUB -R "span[hosts=1]"
#BSUB -n 4
#BSUB -o Logs/outputs/time_Cuda.out
#BSUB -e Logs/errors/time_Cuda.err

# Initialize Python environment
source /dtu/projects/02613_2025/conda/conda_init.sh
conda activate 02613

#Run Python script

echo "Running Original Implementation"
time python Python_scripts/original_script.py 10

echo "Running CUDA Implementation" 
time python Python_scripts/CUDA_script.py 10

echo "Running Numba Implementation"
time python Python_scripts/numba_script.py 10

echo "Running Parallel Numba Implementation"
time python Python_scripts/numba_script_parallel.py 10

echo "Running CuPy Implementation"
time python Python_scripts/cupy_script.py 10

------------------------------------------------------------

TERM_OWNER: job killed by owner.
Exited with exit code 130.

Resource usage summary:

    CPU time :                                   15.13 sec.
    Max Memory :                                 130 MB
    Average Memory :                             95.33 MB
    Total Requested Memory :                     8192.00 MB
    Delta Memory :                               8062.00 MB
    Max Swap :                                   -
    Max Processes :                              4
    Max Threads :                                5
    Run time :                                   80 sec.
    Turnaround time :                            20 sec.

The output (if any) is above this job summary.



PS:

Read file <Logs/errors/time_Cuda.err> for stderr output of this job.

