building_id, mean_temp, std_temp, pct_above_18, pct_below_15
10000, 14.014658412647758, 6.367536721563129, 30.95367256157101, 55.50612997721601

------------------------------------------------------------
Sender: LSF System <lsfadmin@hpc.dtu.dk>
Subject: Job 24838150: <time_jacobi_cp> in cluster <dcc> Done

Job <time_jacobi_cp> was submitted from host <n-62-20-1> by user <s214786> in cluster <dcc> at Wed Apr 30 15:02:23 2025
Job was executed on host(s) <4*n-62-12-22>, in queue <c02613>, as user <s214786> in cluster <dcc> at Wed Apr 30 15:02:24 2025
</zhome/e5/d/167772> was used as the home directory.
</zhome/e5/d/167772/Desktop/02613/02613_HPC_project> was used as the working directory.
Started at Wed Apr 30 15:02:24 2025
Terminated at Wed Apr 30 15:02:29 2025
Results reported at Wed Apr 30 15:02:29 2025

Your job looked like:

------------------------------------------------------------
# LSBATCH: User input
#!/bin/bash
#BSUB -J time_jacobi_cp
#BSUB -q c02613
#BSUB -R "select[model == XeonGold6226R]"
#BSUB -gpu "num=1:mode=exclusive_process"
#BSUB -R "rusage[mem=2GB]"
#BSUB -B 
#BSUB -R "span[hosts=1]"
#BSUB -n 4
#BSUB -o Logs/outputs/time_jacobi_cp%J.out
#BSUB -e Logs/errors/time_jacobi__cp%J.err

# Initialize Python environment
source /dtu/projects/02613_2025/conda/conda_init.sh
conda activate 02613

#Run Python script
time python Python_scripts/cupy_script.py 

------------------------------------------------------------

Successfully completed.

Resource usage summary:

    CPU time :                                   3.06 sec.
    Max Memory :                                 -
    Average Memory :                             -
    Total Requested Memory :                     8192.00 MB
    Delta Memory :                               -
    Max Swap :                                   -
    Max Processes :                              -
    Max Threads :                                -
    Run time :                                   64 sec.
    Turnaround time :                            6 sec.

The output (if any) is above this job summary.



PS:

Read file <Logs/errors/time_jacobi__cp24838150.err> for stderr output of this job.

