Loaded module: cuda/11.8

real	0m5.926s
user	0m4.603s
sys	0m0.495s
Loaded module: cuda/11.8
Traceback (most recent call last):
  File "/zhome/86/f/169037/hpc_python/02613_HPC_project/Python_scripts/original_script.py", line 39, in <module>
    all_u[i] = u
    ~~~~~^^^
ValueError: setting an array element with a sequence. The requested array would exceed the maximum number of dimension of 2.

real	0m5.629s
user	0m5.021s
sys	0m0.157s

real	0m5.403s
user	0m4.341s
sys	0m0.413s
Traceback (most recent call last):
  File "/zhome/86/f/169037/hpc_python/02613_HPC_project/Python_scripts/numba_script.py", line 38, in <module>
    u = jacobi_numba(u0, interior_mask, MAX_ITER, ABS_TOL, parallel=False, print_residual=False)
        ^^^^^^^^^^^^^^^^^^^^^^^^^^^^^^^^^^^^^^^^^^^^^^^^^^^^^^^^^^^^^^^^^^^^^^^^^^^^^^^^^^^^^^^^
  File "/zhome/86/f/169037/hpc_python/02613_HPC_project/Python_scripts/Funcs/jacobi.py", line 48, in jacobi_numba
    u = numba_helper(u, ys, xs, interior_mask,  max_iter, atol)
        ^^^^^^^^^^^^^^^^^^^^^^^^^^^^^^^^^^^^^^^^^^^^^^^^^^^^^^^
  File "/dtu/projects/02613_2025/conda/miniconda3/envs/02613/lib/python3.11/site-packages/numba/core/serialize.py", line 30, in _numba_unpickle
    def _numba_unpickle(address, bytedata, hashed):
    
KeyboardInterrupt
